Connecting to database specified by database.yml
  [1m[36m (0.2ms)[0m  [1mselect sqlite_version(*)[0m
  [1m[35m (2.9ms)[0m  CREATE TABLE "schema_migrations" ("version" varchar(255) NOT NULL) 
  [1m[36m (2.4ms)[0m  [1mCREATE UNIQUE INDEX "unique_schema_migrations" ON "schema_migrations" ("version")[0m
  [1m[35m (24.5ms)[0m  SELECT "schema_migrations"."version" FROM "schema_migrations" 
Migrating to CreateMovies (20111119180638)
  [1m[36m (0.1ms)[0m  [1mbegin transaction[0m
  [1m[35m (0.8ms)[0m  CREATE TABLE "movies" ("id" INTEGER PRIMARY KEY AUTOINCREMENT NOT NULL, "title" varchar(255), "rating" varchar(255), "description" text, "release_date" datetime, "created_at" datetime NOT NULL, "updated_at" datetime NOT NULL) 
  [1m[36m (0.2ms)[0m  [1mINSERT INTO "schema_migrations" ("version") VALUES ('20111119180638')[0m
  [1m[35m (2.4ms)[0m  commit transaction
  [1m[36m (0.1ms)[0m  [1mSELECT "schema_migrations"."version" FROM "schema_migrations" [0m
Connecting to database specified by database.yml
  [1m[36m (2.2ms)[0m  [1mSELECT "schema_migrations"."version" FROM "schema_migrations" [0m
  [1m[35m (0.1ms)[0m  begin transaction
  [1m[36mSQL (13.6ms)[0m  [1mINSERT INTO "movies" ("created_at", "description", "rating", "release_date", "title", "updated_at") VALUES (?, ?, ?, ?, ?, ?)[0m  [["created_at", Wed, 26 Nov 2014 05:11:20 UTC +00:00], ["description", nil], ["rating", "G"], ["release_date", Wed, 25 Nov 1992 00:00:00 UTC +00:00], ["title", "Aladdin"], ["updated_at", Wed, 26 Nov 2014 05:11:20 UTC +00:00]]
  [1m[35m (2.8ms)[0m  commit transaction
  [1m[36m (0.1ms)[0m  [1mbegin transaction[0m
  [1m[35mSQL (0.5ms)[0m  INSERT INTO "movies" ("created_at", "description", "rating", "release_date", "title", "updated_at") VALUES (?, ?, ?, ?, ?, ?)  [["created_at", Wed, 26 Nov 2014 05:11:20 UTC +00:00], ["description", nil], ["rating", "R"], ["release_date", Fri, 26 Oct 1984 00:00:00 UTC +00:00], ["title", "The Terminator"], ["updated_at", Wed, 26 Nov 2014 05:11:20 UTC +00:00]]
  [1m[36m (2.1ms)[0m  [1mcommit transaction[0m
  [1m[35m (0.1ms)[0m  begin transaction
  [1m[36mSQL (0.4ms)[0m  [1mINSERT INTO "movies" ("created_at", "description", "rating", "release_date", "title", "updated_at") VALUES (?, ?, ?, ?, ?, ?)[0m  [["created_at", Wed, 26 Nov 2014 05:11:20 UTC +00:00], ["description", nil], ["rating", "R"], ["release_date", Fri, 21 Jul 1989 00:00:00 UTC +00:00], ["title", "When Harry Met Sally"], ["updated_at", Wed, 26 Nov 2014 05:11:20 UTC +00:00]]
  [1m[35m (1.9ms)[0m  commit transaction
  [1m[36m (0.0ms)[0m  [1mbegin transaction[0m
  [1m[35mSQL (0.4ms)[0m  INSERT INTO "movies" ("created_at", "description", "rating", "release_date", "title", "updated_at") VALUES (?, ?, ?, ?, ?, ?)  [["created_at", Wed, 26 Nov 2014 05:11:20 UTC +00:00], ["description", nil], ["rating", "PG-13"], ["release_date", Wed, 10 Aug 2011 00:00:00 UTC +00:00], ["title", "The Help"], ["updated_at", Wed, 26 Nov 2014 05:11:20 UTC +00:00]]
  [1m[36m (2.0ms)[0m  [1mcommit transaction[0m
  [1m[35m (0.1ms)[0m  begin transaction
  [1m[36mSQL (0.4ms)[0m  [1mINSERT INTO "movies" ("created_at", "description", "rating", "release_date", "title", "updated_at") VALUES (?, ?, ?, ?, ?, ?)[0m  [["created_at", Wed, 26 Nov 2014 05:11:20 UTC +00:00], ["description", nil], ["rating", "PG-13"], ["release_date", Fri, 05 Jan 2001 00:00:00 UTC +00:00], ["title", "Chocolat"], ["updated_at", Wed, 26 Nov 2014 05:11:20 UTC +00:00]]
  [1m[35m (2.0ms)[0m  commit transaction
  [1m[36m (0.1ms)[0m  [1mbegin transaction[0m
  [1m[35mSQL (0.4ms)[0m  INSERT INTO "movies" ("created_at", "description", "rating", "release_date", "title", "updated_at") VALUES (?, ?, ?, ?, ?, ?)  [["created_at", Wed, 26 Nov 2014 05:11:20 UTC +00:00], ["description", nil], ["rating", "R"], ["release_date", Wed, 25 Apr 2001 00:00:00 UTC +00:00], ["title", "Amelie"], ["updated_at", Wed, 26 Nov 2014 05:11:20 UTC +00:00]]
  [1m[36m (2.2ms)[0m  [1mcommit transaction[0m
  [1m[35m (0.0ms)[0m  begin transaction
  [1m[36mSQL (0.4ms)[0m  [1mINSERT INTO "movies" ("created_at", "description", "rating", "release_date", "title", "updated_at") VALUES (?, ?, ?, ?, ?, ?)[0m  [["created_at", Wed, 26 Nov 2014 05:11:20 UTC +00:00], ["description", nil], ["rating", "G"], ["release_date", Sat, 06 Apr 1968 00:00:00 UTC +00:00], ["title", "2001: A Space Odyssey"], ["updated_at", Wed, 26 Nov 2014 05:11:20 UTC +00:00]]
  [1m[35m (2.0ms)[0m  commit transaction
  [1m[36m (0.1ms)[0m  [1mbegin transaction[0m
  [1m[35mSQL (0.4ms)[0m  INSERT INTO "movies" ("created_at", "description", "rating", "release_date", "title", "updated_at") VALUES (?, ?, ?, ?, ?, ?)  [["created_at", Wed, 26 Nov 2014 05:11:20 UTC +00:00], ["description", nil], ["rating", "PG"], ["release_date", Fri, 05 Nov 2004 00:00:00 UTC +00:00], ["title", "The Incredibles"], ["updated_at", Wed, 26 Nov 2014 05:11:20 UTC +00:00]]
  [1m[36m (2.1ms)[0m  [1mcommit transaction[0m
  [1m[35m (0.0ms)[0m  begin transaction
  [1m[36mSQL (0.4ms)[0m  [1mINSERT INTO "movies" ("created_at", "description", "rating", "release_date", "title", "updated_at") VALUES (?, ?, ?, ?, ?, ?)[0m  [["created_at", Wed, 26 Nov 2014 05:11:20 UTC +00:00], ["description", nil], ["rating", "PG"], ["release_date", Fri, 12 Jun 1981 00:00:00 UTC +00:00], ["title", "Raiders of the Lost Ark"], ["updated_at", Wed, 26 Nov 2014 05:11:20 UTC +00:00]]
  [1m[35m (2.1ms)[0m  commit transaction
  [1m[36m (0.0ms)[0m  [1mbegin transaction[0m
  [1m[35mSQL (0.4ms)[0m  INSERT INTO "movies" ("created_at", "description", "rating", "release_date", "title", "updated_at") VALUES (?, ?, ?, ?, ?, ?)  [["created_at", Wed, 26 Nov 2014 05:11:20 UTC +00:00], ["description", nil], ["rating", "G"], ["release_date", Wed, 21 Jun 2000 00:00:00 UTC +00:00], ["title", "Chicken Run"], ["updated_at", Wed, 26 Nov 2014 05:11:20 UTC +00:00]]
  [1m[36m (1.9ms)[0m  [1mcommit transaction[0m


Started GET "/assets/rails.png" for 127.0.0.1 at 2014-11-25 23:13:24 -0600
Connecting to database specified by database.yml
Served asset /rails.png - 200 OK (36ms)


Started GET "/movies" for 127.0.0.1 at 2014-11-25 23:13:27 -0600
Processing by MoviesController#index as HTML
  [1m[36mMovie Load (0.1ms)[0m  [1mSELECT "movies".* FROM "movies" [0m
  Rendered movies/index.html.haml within layouts/application (29.8ms)
Compiled application.css  (0ms)  (pid 3112)
Compiled jquery.js  (2ms)  (pid 3112)
Compiled jquery_ujs.js  (1ms)  (pid 3112)
Compiled application.js  (113ms)  (pid 3112)
Completed 200 OK in 303.9ms (Views: 268.4ms | ActiveRecord: 2.8ms)


Started GET "/assets/jquery.js?body=1" for 127.0.0.1 at 2014-11-25 23:13:28 -0600
Served asset /jquery.js - 200 OK (76ms)


Started GET "/assets/application.css?body=1" for 127.0.0.1 at 2014-11-25 23:13:28 -0600
Served asset /application.css - 200 OK (3ms)


Started GET "/assets/application.js?body=1" for 127.0.0.1 at 2014-11-25 23:13:28 -0600
Served asset /application.js - 200 OK (4ms)


Started GET "/assets/jquery_ujs.js?body=1" for 127.0.0.1 at 2014-11-25 23:13:28 -0600
Served asset /jquery_ujs.js - 200 OK (2ms)


Started GET "/movies" for 127.0.0.1 at 2014-11-25 23:13:33 -0600
Processing by MoviesController#index as HTML
  [1m[35mMovie Load (0.2ms)[0m  SELECT "movies".* FROM "movies" 
  Rendered movies/index.html.haml within layouts/application (8.5ms)
Completed 200 OK in 14.2ms (Views: 12.7ms | ActiveRecord: 0.2ms)


Started GET "/assets/application.css?body=1" for 127.0.0.1 at 2014-11-25 23:13:33 -0600
Served asset /application.css - 304 Not Modified (0ms)


Started GET "/assets/jquery.js?body=1" for 127.0.0.1 at 2014-11-25 23:13:33 -0600
Served asset /jquery.js - 304 Not Modified (0ms)


Started GET "/assets/application.js?body=1" for 127.0.0.1 at 2014-11-25 23:13:33 -0600
Served asset /application.js - 304 Not Modified (0ms)


Started GET "/assets/jquery_ujs.js?body=1" for 127.0.0.1 at 2014-11-25 23:13:33 -0600
Served asset /jquery_ujs.js - 304 Not Modified (0ms)


Started GET "/movies" for 127.0.0.1 at 2014-11-25 23:13:41 -0600
Processing by MoviesController#index as HTML
  [1m[36mMovie Load (0.2ms)[0m  [1mSELECT "movies".* FROM "movies" [0m
  Rendered movies/index.html.haml within layouts/application (8.5ms)
Completed 200 OK in 14.4ms (Views: 12.8ms | ActiveRecord: 0.2ms)


Started GET "/assets/application.css?body=1" for 127.0.0.1 at 2014-11-25 23:13:41 -0600
Served asset /application.css - 304 Not Modified (0ms)


Started GET "/assets/jquery.js?body=1" for 127.0.0.1 at 2014-11-25 23:13:41 -0600
Served asset /jquery.js - 304 Not Modified (0ms)


Started GET "/assets/jquery_ujs.js?body=1" for 127.0.0.1 at 2014-11-25 23:13:41 -0600
Served asset /jquery_ujs.js - 304 Not Modified (0ms)


Started GET "/assets/application.js?body=1" for 127.0.0.1 at 2014-11-25 23:13:41 -0600
Served asset /application.js - 304 Not Modified (0ms)


Started GET "/movies/1" for 127.0.0.1 at 2014-11-25 23:13:45 -0600
Processing by MoviesController#show as HTML
  Parameters: {"id"=>"1"}
  [1m[35mMovie Load (0.3ms)[0m  SELECT "movies".* FROM "movies" WHERE "movies"."id" = ? LIMIT 1  [["id", "1"]]
  Rendered movies/show.html.haml within layouts/application (4.3ms)
Completed 200 OK in 11.7ms (Views: 8.8ms | ActiveRecord: 0.3ms)


Started GET "/assets/application.css?body=1" for 127.0.0.1 at 2014-11-25 23:13:45 -0600
Served asset /application.css - 304 Not Modified (0ms)


Started GET "/assets/jquery.js?body=1" for 127.0.0.1 at 2014-11-25 23:13:45 -0600
Served asset /jquery.js - 304 Not Modified (0ms)


Started GET "/assets/jquery_ujs.js?body=1" for 127.0.0.1 at 2014-11-25 23:13:45 -0600
Served asset /jquery_ujs.js - 304 Not Modified (0ms)


Started GET "/assets/application.js?body=1" for 127.0.0.1 at 2014-11-25 23:13:45 -0600
Served asset /application.js - 304 Not Modified (0ms)


Started GET "/movies" for 127.0.0.1 at 2014-11-25 23:16:09 -0600
Processing by MoviesController#index as HTML
  [1m[36mMovie Load (0.3ms)[0m  [1mSELECT "movies".* FROM "movies" [0m
  Rendered movies/index.html.haml within layouts/application (7.7ms)
Completed 200 OK in 15.4ms (Views: 13.6ms | ActiveRecord: 0.3ms)


Started GET "/assets/application.css?body=1" for 127.0.0.1 at 2014-11-25 23:16:09 -0600
Served asset /application.css - 304 Not Modified (0ms)


Started GET "/assets/jquery.js?body=1" for 127.0.0.1 at 2014-11-25 23:16:09 -0600
Served asset /jquery.js - 304 Not Modified (0ms)


Started GET "/assets/application.js?body=1" for 127.0.0.1 at 2014-11-25 23:16:09 -0600
Served asset /application.js - 304 Not Modified (0ms)


Started GET "/assets/jquery_ujs.js?body=1" for 127.0.0.1 at 2014-11-25 23:16:09 -0600
Served asset /jquery_ujs.js - 304 Not Modified (0ms)


Started GET "/movies" for 127.0.0.1 at 2014-11-25 23:21:08 -0600
Processing by MoviesController#index as HTML
  [1m[35mMovie Load (0.2ms)[0m  SELECT "movies".* FROM "movies" 
  Rendered movies/index.html.haml within layouts/application (58.3ms)
Completed 200 OK in 65.1ms (Views: 63.4ms | ActiveRecord: 0.2ms)


Started GET "/assets/application.css?body=1" for 127.0.0.1 at 2014-11-25 23:21:08 -0600
Served asset /application.css - 304 Not Modified (0ms)


Started GET "/assets/jquery.js?body=1" for 127.0.0.1 at 2014-11-25 23:21:08 -0600
Served asset /jquery.js - 304 Not Modified (0ms)


Started GET "/assets/jquery_ujs.js?body=1" for 127.0.0.1 at 2014-11-25 23:21:08 -0600
Served asset /jquery_ujs.js - 304 Not Modified (0ms)


Started GET "/assets/application.js?body=1" for 127.0.0.1 at 2014-11-25 23:21:08 -0600
Served asset /application.js - 304 Not Modified (0ms)


Started GET "/assets/application.css?body=1" for 127.0.0.1 at 2014-11-25 23:21:20 -0600
Served asset /application.css - 304 Not Modified (0ms)


Started GET "/movies" for 127.0.0.1 at 2014-11-25 23:25:22 -0600
Processing by MoviesController#index as HTML
Completed 500 Internal Server Error in 0.4ms

NoMethodError (undefined method `pry' for #<Binding:0x007f8eae5c3ca0>):
  app/controllers/movies_controller.rb:10:in `index'


  Rendered /Users/juanfortiz/.rvm/gems/ruby-1.9.3-p327/gems/actionpack-3.2.18/lib/action_dispatch/middleware/templates/rescues/_trace.erb (1.6ms)
  Rendered /Users/juanfortiz/.rvm/gems/ruby-1.9.3-p327/gems/actionpack-3.2.18/lib/action_dispatch/middleware/templates/rescues/_request_and_response.erb (1.2ms)
  Rendered /Users/juanfortiz/.rvm/gems/ruby-1.9.3-p327/gems/actionpack-3.2.18/lib/action_dispatch/middleware/templates/rescues/diagnostics.erb within rescues/layout (26.5ms)


Started GET "/movies" for 127.0.0.1 at 2014-11-25 23:25:57 -0600
Processing by MoviesController#index as HTML


Started GET "/movies" for 127.0.0.1 at 2014-11-25 23:27:02 -0600
Connecting to database specified by database.yml
Processing by MoviesController#index as HTML
  [1m[36mMovie Load (0.2ms)[0m  [1mSELECT "movies".* FROM "movies" [0m
  Rendered movies/index.html.haml within layouts/application (90.1ms)
Completed 200 OK in 18381.2ms (Views: 132.9ms | ActiveRecord: 3.4ms)


Started GET "/assets/jquery.js?body=1" for 127.0.0.1 at 2014-11-25 23:27:21 -0600
Served asset /jquery.js - 200 OK (9ms)


Started GET "/assets/jquery_ujs.js?body=1" for 127.0.0.1 at 2014-11-25 23:27:21 -0600
Served asset /jquery_ujs.js - 200 OK (4ms)


Started GET "/assets/application.js?body=1" for 127.0.0.1 at 2014-11-25 23:27:21 -0600
Served asset /application.js - 200 OK (66ms)


Started GET "/assets/application.css?body=1" for 127.0.0.1 at 2014-11-25 23:27:22 -0600
Served asset /application.css - 200 OK (4ms)


Started GET "/movies?order=release_date" for 127.0.0.1 at 2014-11-25 23:27:27 -0600
Processing by MoviesController#index as HTML
  Parameters: {"order"=>"release_date"}
  [1m[35mMovie Load (0.5ms)[0m  SELECT "movies".* FROM "movies" 
  [1m[36mMovie Load (0.7ms)[0m  [1mSELECT "movies".* FROM "movies" ORDER BY release_date[0m
  [1m[35mMovie Load (0.7ms)[0m  SELECT "movies".* FROM "movies" ORDER BY '---
:release_date: :desc
'
  [1m[36mCACHE (0.0ms)[0m  [1mSELECT "movies".* FROM "movies" [0m
  Rendered movies/index.html.haml within layouts/application (14.7ms)
Completed 200 OK in 248888.0ms (Views: 23.8ms | ActiveRecord: 1.8ms)


Started GET "/assets/application.css?body=1" for 127.0.0.1 at 2014-11-25 23:31:36 -0600
Served asset /application.css - 200 OK (0ms)


Started GET "/assets/jquery.js?body=1" for 127.0.0.1 at 2014-11-25 23:31:36 -0600
Served asset /jquery.js - 200 OK (0ms)


Started GET "/assets/application.js?body=1" for 127.0.0.1 at 2014-11-25 23:31:36 -0600
Served asset /application.js - 200 OK (0ms)


Started GET "/assets/jquery_ujs.js?body=1" for 127.0.0.1 at 2014-11-25 23:31:36 -0600
Served asset /jquery_ujs.js - 200 OK (0ms)


Started GET "/movies?order=title" for 127.0.0.1 at 2014-11-25 23:31:47 -0600
Processing by MoviesController#index as HTML
  Parameters: {"order"=>"title"}
  [1m[35mMovie Load (0.3ms)[0m  SELECT "movies".* FROM "movies" 
  Rendered movies/index.html.haml within layouts/application (12.3ms)
Completed 200 OK in 38.7ms (Views: 20.3ms | ActiveRecord: 1.0ms)


Started GET "/assets/jquery.js?body=1" for 127.0.0.1 at 2014-11-25 23:31:47 -0600
Served asset /jquery.js - 200 OK (0ms)


Started GET "/assets/jquery_ujs.js?body=1" for 127.0.0.1 at 2014-11-25 23:31:47 -0600
Served asset /jquery_ujs.js - 200 OK (0ms)


Started GET "/assets/application.js?body=1" for 127.0.0.1 at 2014-11-25 23:31:47 -0600
Served asset /application.js - 200 OK (0ms)


Started GET "/assets/application.css?body=1" for 127.0.0.1 at 2014-11-25 23:31:47 -0600
Served asset /application.css - 200 OK (0ms)


Started GET "/movies?order=title" for 127.0.0.1 at 2014-11-25 23:31:49 -0600
Processing by MoviesController#index as HTML
  Parameters: {"order"=>"title"}
  [1m[36mMovie Load (0.4ms)[0m  [1mSELECT "movies".* FROM "movies" [0m
  Rendered movies/index.html.haml within layouts/application (12.4ms)
Completed 200 OK in 78.5ms (Views: 74.4ms | ActiveRecord: 0.4ms)


Started GET "/assets/jquery.js?body=1" for 127.0.0.1 at 2014-11-25 23:31:49 -0600
Served asset /jquery.js - 200 OK (0ms)


Started GET "/assets/jquery_ujs.js?body=1" for 127.0.0.1 at 2014-11-25 23:31:49 -0600
Served asset /jquery_ujs.js - 200 OK (0ms)


Started GET "/assets/application.js?body=1" for 127.0.0.1 at 2014-11-25 23:31:49 -0600
Served asset /application.js - 200 OK (0ms)


Started GET "/assets/application.css?body=1" for 127.0.0.1 at 2014-11-25 23:31:49 -0600
Served asset /application.css - 200 OK (0ms)


Started GET "/movies?order=release_date" for 127.0.0.1 at 2014-11-25 23:31:53 -0600
Processing by MoviesController#index as HTML
  Parameters: {"order"=>"release_date"}
  [1m[35mMovie Load (0.3ms)[0m  SELECT "movies".* FROM "movies" 
  Rendered movies/index.html.haml within layouts/application (13.7ms)
Completed 200 OK in 24.8ms (Views: 21.4ms | ActiveRecord: 0.3ms)


Started GET "/assets/application.css?body=1" for 127.0.0.1 at 2014-11-25 23:31:53 -0600
Served asset /application.css - 200 OK (0ms)


Started GET "/assets/jquery_ujs.js?body=1" for 127.0.0.1 at 2014-11-25 23:31:53 -0600
Served asset /jquery_ujs.js - 200 OK (0ms)


Started GET "/assets/jquery.js?body=1" for 127.0.0.1 at 2014-11-25 23:31:53 -0600
Served asset /jquery.js - 200 OK (0ms)


Started GET "/assets/application.js?body=1" for 127.0.0.1 at 2014-11-25 23:31:53 -0600
Served asset /application.js - 200 OK (0ms)


Started GET "/movies?order=title" for 127.0.0.1 at 2014-11-25 23:31:57 -0600
Processing by MoviesController#index as HTML
  Parameters: {"order"=>"title"}
  [1m[36mMovie Load (0.3ms)[0m  [1mSELECT "movies".* FROM "movies" [0m
  Rendered movies/index.html.haml within layouts/application (12.5ms)
Completed 200 OK in 23.5ms (Views: 20.0ms | ActiveRecord: 0.3ms)


Started GET "/assets/application.css?body=1" for 127.0.0.1 at 2014-11-25 23:31:57 -0600
Served asset /application.css - 200 OK (0ms)


Started GET "/assets/jquery.js?body=1" for 127.0.0.1 at 2014-11-25 23:31:57 -0600
Served asset /jquery.js - 200 OK (0ms)


Started GET "/assets/jquery_ujs.js?body=1" for 127.0.0.1 at 2014-11-25 23:31:57 -0600
Served asset /jquery_ujs.js - 200 OK (0ms)


Started GET "/assets/application.js?body=1" for 127.0.0.1 at 2014-11-25 23:31:57 -0600
Served asset /application.js - 200 OK (0ms)


Started GET "/movies?order=release_date" for 127.0.0.1 at 2014-11-25 23:32:01 -0600
Processing by MoviesController#index as HTML
  Parameters: {"order"=>"release_date"}
  [1m[35mMovie Load (0.4ms)[0m  SELECT "movies".* FROM "movies" 
  Rendered movies/index.html.haml within layouts/application (12.4ms)
Completed 200 OK in 23.8ms (Views: 19.7ms | ActiveRecord: 0.4ms)


Started GET "/assets/jquery.js?body=1" for 127.0.0.1 at 2014-11-25 23:32:01 -0600
Served asset /jquery.js - 200 OK (0ms)


Started GET "/assets/application.js?body=1" for 127.0.0.1 at 2014-11-25 23:32:01 -0600
Served asset /application.js - 200 OK (0ms)


Started GET "/assets/jquery_ujs.js?body=1" for 127.0.0.1 at 2014-11-25 23:32:01 -0600
Served asset /jquery_ujs.js - 200 OK (0ms)


Started GET "/assets/application.css?body=1" for 127.0.0.1 at 2014-11-25 23:32:01 -0600
Served asset /application.css - 200 OK (0ms)


Started GET "/movies?order=title" for 127.0.0.1 at 2014-11-25 23:32:03 -0600
Processing by MoviesController#index as HTML
  Parameters: {"order"=>"title"}
  [1m[36mMovie Load (0.4ms)[0m  [1mSELECT "movies".* FROM "movies" [0m
  Rendered movies/index.html.haml within layouts/application (12.6ms)
Completed 200 OK in 24.4ms (Views: 20.0ms | ActiveRecord: 0.4ms)


Started GET "/assets/jquery.js?body=1" for 127.0.0.1 at 2014-11-25 23:32:03 -0600
Served asset /jquery.js - 200 OK (0ms)


Started GET "/assets/jquery_ujs.js?body=1" for 127.0.0.1 at 2014-11-25 23:32:03 -0600
Served asset /jquery_ujs.js - 200 OK (0ms)


Started GET "/assets/application.js?body=1" for 127.0.0.1 at 2014-11-25 23:32:03 -0600
Served asset /application.js - 200 OK (0ms)


Started GET "/assets/application.css?body=1" for 127.0.0.1 at 2014-11-25 23:32:03 -0600
Served asset /application.css - 200 OK (0ms)


Started GET "/movies?order=title" for 127.0.0.1 at 2014-11-25 23:32:24 -0600
Processing by MoviesController#index as HTML
  Parameters: {"order"=>"title"}
  [1m[35mMovie Load (0.3ms)[0m  SELECT "movies".* FROM "movies" 
  Rendered movies/index.html.haml within layouts/application (12.1ms)
Completed 200 OK in 23.3ms (Views: 19.8ms | ActiveRecord: 0.3ms)


Started GET "/assets/jquery.js?body=1" for 127.0.0.1 at 2014-11-25 23:32:24 -0600
Served asset /jquery.js - 200 OK (0ms)


Started GET "/assets/jquery_ujs.js?body=1" for 127.0.0.1 at 2014-11-25 23:32:24 -0600
Served asset /jquery_ujs.js - 200 OK (0ms)


Started GET "/assets/application.js?body=1" for 127.0.0.1 at 2014-11-25 23:32:24 -0600
Served asset /application.js - 200 OK (0ms)


Started GET "/assets/application.css?body=1" for 127.0.0.1 at 2014-11-25 23:32:24 -0600
Served asset /application.css - 200 OK (0ms)


Started GET "/movies?order=title" for 127.0.0.1 at 2014-11-25 23:32:43 -0600
Processing by MoviesController#index as HTML
  Parameters: {"order"=>"title"}
  [1m[36mMovie Load (0.6ms)[0m  [1mSELECT "movies".* FROM "movies" [0m
  Rendered movies/index.html.haml within layouts/application (15.2ms)
Completed 200 OK in 13753.3ms (Views: 24.2ms | ActiveRecord: 2.1ms)


Started GET "/assets/application.css?body=1" for 127.0.0.1 at 2014-11-25 23:32:57 -0600
Served asset /application.css - 200 OK (0ms)


Started GET "/assets/jquery.js?body=1" for 127.0.0.1 at 2014-11-25 23:32:57 -0600
Served asset /jquery.js - 200 OK (0ms)


Started GET "/assets/application.js?body=1" for 127.0.0.1 at 2014-11-25 23:32:57 -0600
Served asset /application.js - 200 OK (0ms)


Started GET "/assets/jquery_ujs.js?body=1" for 127.0.0.1 at 2014-11-25 23:32:57 -0600
Served asset /jquery_ujs.js - 200 OK (0ms)


Started GET "/movies?order=title" for 127.0.0.1 at 2014-11-25 23:33:19 -0600
Connecting to database specified by database.yml
Processing by MoviesController#index as HTML
  Parameters: {"order"=>"title"}
  [1m[36mMovie Load (0.2ms)[0m  [1mSELECT "movies".* FROM "movies" [0m
  Rendered movies/index.html.haml within layouts/application (23.3ms)
Completed 200 OK in 8131.8ms (Views: 119.8ms | ActiveRecord: 3.3ms)


Started GET "/movies?order=release_date" for 127.0.0.1 at 2014-11-25 23:33:27 -0600
Processing by MoviesController#index as HTML
  Parameters: {"order"=>"release_date"}
  [1m[35mMovie Load (0.6ms)[0m  SELECT "movies".* FROM "movies" 
  Rendered movies/index.html.haml within layouts/application (11.1ms)
Completed 200 OK in 7629.3ms (Views: 20.0ms | ActiveRecord: 0.6ms)


Started GET "/assets/application.css?body=1" for 127.0.0.1 at 2014-11-25 23:33:35 -0600
Served asset /application.css - 200 OK (5ms)


Started GET "/assets/application.js?body=1" for 127.0.0.1 at 2014-11-25 23:33:35 -0600
Served asset /application.js - 200 OK (72ms)


Started GET "/assets/jquery_ujs.js?body=1" for 127.0.0.1 at 2014-11-25 23:33:35 -0600
Served asset /jquery_ujs.js - 200 OK (4ms)


Started GET "/assets/jquery.js?body=1" for 127.0.0.1 at 2014-11-25 23:33:35 -0600
Served asset /jquery.js - 200 OK (5ms)


Started GET "/movies?order=title" for 127.0.0.1 at 2014-11-25 23:33:43 -0600
Processing by MoviesController#index as HTML
  Parameters: {"order"=>"title"}
  [1m[36mMovie Load (0.3ms)[0m  [1mSELECT "movies".* FROM "movies" [0m
  Rendered movies/index.html.haml within layouts/application (12.5ms)
Completed 200 OK in 39.3ms (Views: 20.6ms | ActiveRecord: 1.0ms)


Started GET "/assets/application.css?body=1" for 127.0.0.1 at 2014-11-25 23:33:43 -0600
Served asset /application.css - 200 OK (0ms)


Started GET "/assets/application.js?body=1" for 127.0.0.1 at 2014-11-25 23:33:43 -0600
Served asset /application.js - 200 OK (0ms)


Started GET "/assets/jquery.js?body=1" for 127.0.0.1 at 2014-11-25 23:33:43 -0600
Served asset /jquery.js - 200 OK (0ms)


Started GET "/assets/jquery_ujs.js?body=1" for 127.0.0.1 at 2014-11-25 23:33:43 -0600
Served asset /jquery_ujs.js - 200 OK (0ms)


Started GET "/movies?order=title" for 127.0.0.1 at 2014-11-25 23:33:46 -0600
Processing by MoviesController#index as HTML
  Parameters: {"order"=>"title"}
  [1m[35mMovie Load (0.4ms)[0m  SELECT "movies".* FROM "movies" 
  Rendered movies/index.html.haml within layouts/application (13.7ms)
Completed 200 OK in 25.5ms (Views: 21.6ms | ActiveRecord: 0.4ms)


Started GET "/assets/application.css?body=1" for 127.0.0.1 at 2014-11-25 23:33:46 -0600
Served asset /application.css - 200 OK (0ms)


Started GET "/assets/jquery.js?body=1" for 127.0.0.1 at 2014-11-25 23:33:46 -0600
Served asset /jquery.js - 200 OK (0ms)


Started GET "/assets/application.js?body=1" for 127.0.0.1 at 2014-11-25 23:33:46 -0600
Served asset /application.js - 200 OK (0ms)


Started GET "/assets/jquery_ujs.js?body=1" for 127.0.0.1 at 2014-11-25 23:33:46 -0600
Served asset /jquery_ujs.js - 200 OK (0ms)


Started GET "/movies?order=title" for 127.0.0.1 at 2014-11-25 23:33:47 -0600
Processing by MoviesController#index as HTML
  Parameters: {"order"=>"title"}
  [1m[36mMovie Load (0.4ms)[0m  [1mSELECT "movies".* FROM "movies" [0m
  Rendered movies/index.html.haml within layouts/application (12.6ms)
Completed 200 OK in 23.6ms (Views: 20.0ms | ActiveRecord: 0.4ms)


Started GET "/assets/jquery.js?body=1" for 127.0.0.1 at 2014-11-25 23:33:47 -0600
Served asset /jquery.js - 200 OK (0ms)


Started GET "/assets/application.js?body=1" for 127.0.0.1 at 2014-11-25 23:33:47 -0600
Served asset /application.js - 200 OK (0ms)


Started GET "/assets/jquery_ujs.js?body=1" for 127.0.0.1 at 2014-11-25 23:33:47 -0600
Served asset /jquery_ujs.js - 200 OK (0ms)


Started GET "/assets/application.css?body=1" for 127.0.0.1 at 2014-11-25 23:33:47 -0600
Served asset /application.css - 200 OK (0ms)


Started GET "/movies?order=release_date" for 127.0.0.1 at 2014-11-25 23:33:49 -0600
Processing by MoviesController#index as HTML
  Parameters: {"order"=>"release_date"}
  [1m[35mMovie Load (0.4ms)[0m  SELECT "movies".* FROM "movies" 
  Rendered movies/index.html.haml within layouts/application (12.5ms)
Completed 200 OK in 23.4ms (Views: 19.7ms | ActiveRecord: 0.4ms)


Started GET "/assets/jquery.js?body=1" for 127.0.0.1 at 2014-11-25 23:33:49 -0600
Served asset /jquery.js - 200 OK (0ms)


Started GET "/assets/jquery_ujs.js?body=1" for 127.0.0.1 at 2014-11-25 23:33:49 -0600
Served asset /jquery_ujs.js - 200 OK (0ms)


Started GET "/assets/application.js?body=1" for 127.0.0.1 at 2014-11-25 23:33:49 -0600
Served asset /application.js - 200 OK (1ms)


Started GET "/assets/application.css?body=1" for 127.0.0.1 at 2014-11-25 23:33:49 -0600
Served asset /application.css - 200 OK (0ms)


Started GET "/movies?order=release_date" for 127.0.0.1 at 2014-11-25 23:33:51 -0600
Processing by MoviesController#index as HTML
  Parameters: {"order"=>"release_date"}
  [1m[36mMovie Load (0.5ms)[0m  [1mSELECT "movies".* FROM "movies" [0m
  Rendered movies/index.html.haml within layouts/application (12.4ms)
Completed 200 OK in 23.8ms (Views: 19.7ms | ActiveRecord: 0.5ms)


Started GET "/assets/application.css?body=1" for 127.0.0.1 at 2014-11-25 23:33:51 -0600
Served asset /application.css - 200 OK (0ms)


Started GET "/assets/jquery.js?body=1" for 127.0.0.1 at 2014-11-25 23:33:51 -0600
Served asset /jquery.js - 200 OK (0ms)


Started GET "/assets/jquery_ujs.js?body=1" for 127.0.0.1 at 2014-11-25 23:33:51 -0600
Served asset /jquery_ujs.js - 200 OK (0ms)


Started GET "/assets/application.js?body=1" for 127.0.0.1 at 2014-11-25 23:33:51 -0600
Served asset /application.js - 200 OK (0ms)
Connecting to database specified by database.yml


Started GET "/movies?order=title" for 127.0.0.1 at 2014-11-25 23:34:49 -0600
Processing by MoviesController#index as HTML
  Parameters: {"order"=>"title"}
  [1m[35mMovie Load (0.6ms)[0m  SELECT "movies".* FROM "movies" 
  Rendered movies/index.html.haml within layouts/application (11.5ms)
Completed 200 OK in 54350.4ms (Views: 19.2ms | ActiveRecord: 2.2ms)


Started GET "/assets/application.css?body=1" for 127.0.0.1 at 2014-11-25 23:35:44 -0600
Served asset /application.css - 200 OK (0ms)


Started GET "/assets/jquery.js?body=1" for 127.0.0.1 at 2014-11-25 23:35:44 -0600
Served asset /jquery.js - 200 OK (0ms)


Started GET "/assets/application.js?body=1" for 127.0.0.1 at 2014-11-25 23:35:44 -0600
Served asset /application.js - 200 OK (0ms)


Started GET "/assets/jquery_ujs.js?body=1" for 127.0.0.1 at 2014-11-25 23:35:44 -0600
Served asset /jquery_ujs.js - 200 OK (0ms)


Started GET "/movies?order=title" for 127.0.0.1 at 2014-11-25 23:35:54 -0600
Processing by MoviesController#index as HTML
  Parameters: {"order"=>"title"}
  [1m[36mMovie Load (0.3ms)[0m  [1mSELECT "movies".* FROM "movies" ORDER BY title[0m
  Rendered movies/index.html.haml within layouts/application (29.0ms)
Completed 200 OK in 38.3ms (Views: 35.6ms | ActiveRecord: 1.1ms)


Started GET "/assets/jquery.js?body=1" for 127.0.0.1 at 2014-11-25 23:35:54 -0600
Served asset /jquery.js - 200 OK (0ms)


Started GET "/assets/jquery_ujs.js?body=1" for 127.0.0.1 at 2014-11-25 23:35:54 -0600
Served asset /jquery_ujs.js - 200 OK (0ms)


Started GET "/assets/application.css?body=1" for 127.0.0.1 at 2014-11-25 23:35:54 -0600
Served asset /application.css - 200 OK (0ms)


Started GET "/assets/application.js?body=1" for 127.0.0.1 at 2014-11-25 23:35:54 -0600
Served asset /application.js - 200 OK (0ms)


Started GET "/movies?order=release_date" for 127.0.0.1 at 2014-11-25 23:35:56 -0600
Processing by MoviesController#index as HTML
  Parameters: {"order"=>"release_date"}
  [1m[35mMovie Load (0.4ms)[0m  SELECT "movies".* FROM "movies" ORDER BY '---
:release_date: :desc
'
  Rendered movies/index.html.haml within layouts/application (23.9ms)
Completed 200 OK in 32.0ms (Views: 30.9ms | ActiveRecord: 0.4ms)


Started GET "/assets/jquery.js?body=1" for 127.0.0.1 at 2014-11-25 23:35:57 -0600
Served asset /jquery.js - 200 OK (0ms)


Started GET "/assets/jquery_ujs.js?body=1" for 127.0.0.1 at 2014-11-25 23:35:57 -0600
Served asset /jquery_ujs.js - 200 OK (0ms)


Started GET "/assets/application.js?body=1" for 127.0.0.1 at 2014-11-25 23:35:57 -0600
Served asset /application.js - 200 OK (0ms)


Started GET "/assets/application.css?body=1" for 127.0.0.1 at 2014-11-25 23:35:57 -0600
Served asset /application.css - 200 OK (0ms)


Started GET "/movies?order=title" for 127.0.0.1 at 2014-11-25 23:36:03 -0600
Processing by MoviesController#index as HTML
  Parameters: {"order"=>"title"}
  [1m[36mMovie Load (0.4ms)[0m  [1mSELECT "movies".* FROM "movies" ORDER BY title[0m
  Rendered movies/index.html.haml within layouts/application (15.3ms)
Completed 200 OK in 23.3ms (Views: 22.1ms | ActiveRecord: 0.4ms)


Started GET "/assets/application.css?body=1" for 127.0.0.1 at 2014-11-25 23:36:03 -0600
Served asset /application.css - 200 OK (0ms)


Started GET "/assets/jquery.js?body=1" for 127.0.0.1 at 2014-11-25 23:36:03 -0600
Served asset /jquery.js - 200 OK (0ms)


Started GET "/assets/jquery_ujs.js?body=1" for 127.0.0.1 at 2014-11-25 23:36:03 -0600
Served asset /jquery_ujs.js - 200 OK (0ms)


Started GET "/assets/application.js?body=1" for 127.0.0.1 at 2014-11-25 23:36:03 -0600
Served asset /application.js - 200 OK (0ms)


Started GET "/movies?order=release_date" for 127.0.0.1 at 2014-11-25 23:36:04 -0600
Processing by MoviesController#index as HTML
  Parameters: {"order"=>"release_date"}
  [1m[35mMovie Load (0.4ms)[0m  SELECT "movies".* FROM "movies" ORDER BY '---
:release_date: :desc
'
  Rendered movies/index.html.haml within layouts/application (15.9ms)
Completed 200 OK in 82.5ms (Views: 81.5ms | ActiveRecord: 0.4ms)


Started GET "/assets/jquery.js?body=1" for 127.0.0.1 at 2014-11-25 23:36:05 -0600
Served asset /jquery.js - 200 OK (0ms)


Started GET "/assets/jquery_ujs.js?body=1" for 127.0.0.1 at 2014-11-25 23:36:05 -0600
Served asset /jquery_ujs.js - 200 OK (0ms)


Started GET "/assets/application.js?body=1" for 127.0.0.1 at 2014-11-25 23:36:05 -0600
Served asset /application.js - 200 OK (0ms)


Started GET "/assets/application.css?body=1" for 127.0.0.1 at 2014-11-25 23:36:05 -0600
Served asset /application.css - 200 OK (0ms)
